GROUP,PACKAGE,CLASS,INSTRUCTION_MISSED,INSTRUCTION_COVERED,BRANCH_MISSED,BRANCH_COVERED,LINE_MISSED,LINE_COVERED,COMPLEXITY_MISSED,COMPLEXITY_COVERED,METHOD_MISSED,METHOD_COVERED
microservice,com.telstra.codechallenge.quotes,SpringBootQuotesService,40,0,0,0,5,0,3,0,3,0
microservice,com.telstra.codechallenge.quotes,SpringBootQuotesController,15,0,0,0,5,0,3,0,3,0
microservice,com.telstra.codechallenge.helloworld,HelloWorldController,23,0,0,0,3,0,2,0,2,0
microservice,com.telstra.codechallenge.helloworld,HelloWorld,15,0,0,0,6,0,3,0,3,0
microservice,com.telstra.codechallenge,SecurityConfiguration,16,0,0,0,3,0,2,0,2,0
microservice,com.telstra.codechallenge,MicroServiceMain,12,0,0,0,4,0,3,0,3,0
